-------------------------------------------------------------------------------
Test set: com.ratepay.testcases.UserRegistrationE2ETest
-------------------------------------------------------------------------------
Tests run: 1, Failures: 1, Errors: 0, Skipped: 0, Time elapsed: 0.001 s <<< FAILURE! - in com.ratepay.testcases.UserRegistrationE2ETest
testUserRegistration(com.ratepay.testcases.UserRegistrationE2ETest)  Time elapsed: 0.001 s  <<< FAILURE!
java.lang.AssertionError: expected:<201 CREATED> but was:<422 UNPROCESSABLE_ENTITY>
	at com.ratepay.testcases.UserRegistrationE2ETest.testUserRegistration(UserRegistrationE2ETest.java:43)

